<?xml version="1.0" encoding="UTF-8"?>
<coverage generated="1732539073927" clover="3.2.0">
  <project timestamp="1732539073927" name="All files">
    <metrics statements="68" coveredstatements="68" conditionals="14" coveredconditionals="14" methods="19" coveredmethods="19" elements="101" coveredelements="101" complexity="0" loc="68" ncloc="68" packages="4" files="10" classes="10"/>
    <package name="model">
      <metrics statements="36" coveredstatements="36" conditionals="7" coveredconditionals="7" methods="10" coveredmethods="10"/>
      <file name="ComputerPlayer.ts" path="C:\Users\Witten\Documents\1dv609\1dv609-Assignment1-part2\src\model\ComputerPlayer.ts">
        <metrics statements="8" coveredstatements="8" conditionals="0" coveredconditionals="0" methods="2" coveredmethods="2"/>
        <line num="1" count="1" type="stmt"/>
        <line num="2" count="1" type="stmt"/>
        <line num="7" count="2" type="stmt"/>
        <line num="11" count="101" type="stmt"/>
        <line num="12" count="101" type="stmt"/>
        <line num="14" count="101" type="stmt"/>
        <line num="16" count="101" type="stmt"/>
        <line num="20" count="1" type="stmt"/>
      </file>
      <file name="Game.ts" path="C:\Users\Witten\Documents\1dv609\1dv609-Assignment1-part2\src\model\Game.ts">
        <metrics statements="9" coveredstatements="9" conditionals="4" coveredconditionals="4" methods="1" coveredmethods="1"/>
        <line num="3" count="1" type="stmt"/>
        <line num="7" count="9" type="stmt"/>
        <line num="8" count="9" type="stmt"/>
        <line num="10" count="9" type="cond" truecount="2" falsecount="0"/>
        <line num="11" count="3" type="stmt"/>
        <line num="12" count="6" type="cond" truecount="2" falsecount="0"/>
        <line num="13" count="3" type="stmt"/>
        <line num="15" count="3" type="stmt"/>
        <line num="20" count="1" type="stmt"/>
      </file>
      <file name="Player.ts" path="C:\Users\Witten\Documents\1dv609\1dv609-Assignment1-part2\src\model\Player.ts">
        <metrics statements="15" coveredstatements="15" conditionals="3" coveredconditionals="3" methods="6" coveredmethods="6"/>
        <line num="6" count="8" type="stmt"/>
        <line num="7" count="8" type="stmt"/>
        <line num="8" count="8" type="stmt"/>
        <line num="11" count="8" type="stmt"/>
        <line num="12" count="7" type="stmt"/>
        <line num="15" count="2" type="stmt"/>
        <line num="16" count="8" type="cond" truecount="1" falsecount="0"/>
        <line num="17" count="1" type="stmt"/>
        <line num="20" count="7" type="stmt"/>
        <line num="24" count="8" type="stmt"/>
        <line num="25" count="8" type="cond" truecount="2" falsecount="0"/>
        <line num="29" count="1" type="stmt"/>
        <line num="32" count="104" type="stmt"/>
        <line num="36" count="104" type="stmt"/>
        <line num="40" count="2" type="stmt"/>
      </file>
      <file name="Rules.ts" path="C:\Users\Witten\Documents\1dv609\1dv609-Assignment1-part2\src\model\Rules.ts">
        <metrics statements="4" coveredstatements="4" conditionals="0" coveredconditionals="0" methods="1" coveredmethods="1"/>
        <line num="1" count="8" type="stmt"/>
        <line num="5" count="30" type="stmt"/>
        <line num="11" count="30" type="stmt"/>
        <line num="15" count="8" type="stmt"/>
      </file>
    </package>
    <package name="model.Factory">
      <metrics statements="9" coveredstatements="9" conditionals="3" coveredconditionals="3" methods="1" coveredmethods="1"/>
      <file name="HandGuestureFactory.ts" path="C:\Users\Witten\Documents\1dv609\1dv609-Assignment1-part2\src\model\Factory\HandGuestureFactory.ts">
        <metrics statements="9" coveredstatements="9" conditionals="3" coveredconditionals="3" methods="1" coveredmethods="1"/>
        <line num="1" count="1" type="stmt"/>
        <line num="3" count="1" type="stmt"/>
        <line num="4" count="1" type="stmt"/>
        <line num="5" count="1" type="stmt"/>
        <line num="18" count="3" type="cond" truecount="3" falsecount="0"/>
        <line num="20" count="1" type="stmt"/>
        <line num="22" count="1" type="stmt"/>
        <line num="24" count="1" type="stmt"/>
        <line num="29" count="1" type="stmt"/>
      </file>
    </package>
    <package name="model.HandGesture">
      <metrics statements="15" coveredstatements="15" conditionals="0" coveredconditionals="0" methods="6" coveredmethods="6"/>
      <file name="Paper.ts" path="C:\Users\Witten\Documents\1dv609\1dv609-Assignment1-part2\src\model\HandGesture\Paper.ts">
        <metrics statements="5" coveredstatements="5" conditionals="0" coveredconditionals="0" methods="2" coveredmethods="2"/>
        <line num="1" count="5" type="stmt"/>
        <line num="2" count="5" type="stmt"/>
        <line num="10" count="21" type="stmt"/>
        <line num="19" count="8" type="stmt"/>
        <line num="23" count="5" type="stmt"/>
      </file>
      <file name="Rock.ts" path="C:\Users\Witten\Documents\1dv609\1dv609-Assignment1-part2\src\model\HandGesture\Rock.ts">
        <metrics statements="5" coveredstatements="5" conditionals="0" coveredconditionals="0" methods="2" coveredmethods="2"/>
        <line num="1" count="5" type="stmt"/>
        <line num="2" count="5" type="stmt"/>
        <line num="10" count="21" type="stmt"/>
        <line num="19" count="8" type="stmt"/>
        <line num="23" count="5" type="stmt"/>
      </file>
      <file name="Scissor.ts" path="C:\Users\Witten\Documents\1dv609\1dv609-Assignment1-part2\src\model\HandGesture\Scissor.ts">
        <metrics statements="5" coveredstatements="5" conditionals="0" coveredconditionals="0" methods="2" coveredmethods="2"/>
        <line num="1" count="5" type="stmt"/>
        <line num="2" count="5" type="stmt"/>
        <line num="9" count="17" type="stmt"/>
        <line num="19" count="8" type="stmt"/>
        <line num="23" count="5" type="stmt"/>
      </file>
    </package>
    <package name="model.enums">
      <metrics statements="8" coveredstatements="8" conditionals="4" coveredconditionals="4" methods="2" coveredmethods="2"/>
      <file name="GameResult.ts" path="C:\Users\Witten\Documents\1dv609\1dv609-Assignment1-part2\src\model\enums\GameResult.ts">
        <metrics statements="4" coveredstatements="4" conditionals="2" coveredconditionals="2" methods="1" coveredmethods="1"/>
        <line num="1" count="1" type="cond" truecount="2" falsecount="0"/>
        <line num="2" count="1" type="stmt"/>
        <line num="3" count="1" type="stmt"/>
        <line num="4" count="1" type="stmt"/>
      </file>
      <file name="UserChoice.ts" path="C:\Users\Witten\Documents\1dv609\1dv609-Assignment1-part2\src\model\enums\UserChoice.ts">
        <metrics statements="4" coveredstatements="4" conditionals="2" coveredconditionals="2" methods="1" coveredmethods="1"/>
        <line num="4" count="8" type="cond" truecount="2" falsecount="0"/>
        <line num="5" count="8" type="stmt"/>
        <line num="6" count="8" type="stmt"/>
        <line num="7" count="8" type="stmt"/>
      </file>
    </package>
  </project>
</coverage>
