{"C:\\Users\\Witten\\Documents\\1dv609\\1dv609-Assignment1-part2\\src\\app.ts": {"path":"C:\\Users\\Witten\\Documents\\1dv609\\1dv609-Assignment1-part2\\src\\app.ts","statementMap":{"0":{"start":{"line":1,"column":0},"end":{"line":1,"column":16}},"1":{"start":{"line":2,"column":2},"end":{"line":2,"column":null}}},"fnMap":{"0":{"name":"add","decl":{"start":{"line":1,"column":16},"end":{"line":1,"column":19}},"loc":{"start":{"line":1,"column":40},"end":{"line":3,"column":1}}}},"branchMap":{},"s":{"0":1,"1":3},"f":{"0":3},"b":{}}
}
