TN:
SF:src\model\ComputerPlayer.ts
FN:5,(anonymous_0)
FN:9,(anonymous_1)
FN:10,(anonymous_2)
FNF:3
FNH:3
FNDA:4,(anonymous_0)
FNDA:101,(anonymous_1)
FNDA:606,(anonymous_2)
DA:1,2
DA:2,2
DA:6,4
DA:10,606
DA:11,101
DA:13,101
DA:15,101
DA:17,101
DA:21,2
LF:9
LH:9
BRF:0
BRH:0
end_of_record
TN:
SF:src\model\Player.ts
FN:10,(anonymous_0)
FN:28,(anonymous_1)
FN:31,(anonymous_2)
FN:35,(anonymous_3)
FNF:4
FNH:4
FNDA:12,(anonymous_0)
FNDA:1,(anonymous_1)
FNDA:108,(anonymous_2)
FNDA:106,(anonymous_3)
DA:2,3
DA:11,12
DA:12,11
DA:16,12
DA:17,1
DA:20,11
DA:24,12
DA:25,12
DA:29,1
DA:32,108
DA:36,106
DA:40,3
LF:12
LH:12
BRDA:16,0,0,1
BRDA:25,1,0,12
BRDA:25,1,1,12
BRF:3
BRH:3
end_of_record
TN:
SF:src\model\Rules.ts
FN:7,(anonymous_0)
FNF:1
FNH:1
FNDA:2,(anonymous_0)
DA:3,1
DA:4,1
DA:8,2
DA:9,1
DA:12,1
DA:16,1
LF:6
LH:6
BRDA:8,0,0,1
BRF:1
BRH:1
end_of_record
TN:
SF:src\model\Factory\HandGuestureFactory.ts
FN:17,(anonymous_0)
FNF:1
FNH:1
FNDA:111,(anonymous_0)
DA:1,4
DA:3,4
DA:4,4
DA:5,4
DA:18,111
DA:20,51
DA:22,32
DA:24,28
DA:29,4
LF:9
LH:9
BRDA:18,0,0,51
BRDA:18,0,1,32
BRDA:18,0,2,28
BRF:3
BRH:3
end_of_record
TN:
SF:src\model\HandGesture\Paper.ts
FN:11,(anonymous_0)
FNF:1
FNH:1
FNDA:3,(anonymous_0)
DA:2,7
DA:12,3
DA:13,1
DA:16,2
DA:20,7
LF:5
LH:5
BRDA:12,0,0,1
BRF:1
BRH:1
end_of_record
TN:
SF:src\model\HandGesture\Rock.ts
FN:11,(anonymous_0)
FNF:1
FNH:1
FNDA:3,(anonymous_0)
DA:2,7
DA:12,3
DA:13,1
DA:16,2
DA:20,7
LF:5
LH:5
BRDA:12,0,0,1
BRF:1
BRH:1
end_of_record
TN:
SF:src\model\HandGesture\Scissor.ts
FN:11,(anonymous_0)
FNF:1
FNH:1
FNDA:3,(anonymous_0)
DA:2,7
DA:12,3
DA:13,1
DA:16,2
DA:20,7
LF:5
LH:5
BRDA:12,0,0,1
BRF:1
BRH:1
end_of_record
TN:
SF:src\model\enums\GameResult.ts
FN:1,(anonymous_0)
FNF:1
FNH:1
FNDA:1,(anonymous_0)
DA:1,1
DA:2,1
DA:3,1
DA:4,1
LF:4
LH:4
BRDA:1,0,0,1
BRDA:1,0,1,1
BRF:2
BRH:2
end_of_record
TN:
SF:src\model\enums\UserChoice.ts
FN:4,(anonymous_0)
FNF:1
FNH:1
FNDA:4,(anonymous_0)
DA:4,4
DA:5,4
DA:6,4
DA:7,4
LF:4
LH:4
BRDA:4,0,0,4
BRDA:4,0,1,4
BRF:2
BRH:2
end_of_record
